Using pre-set license
Built from '2020.3/staging' branch; Version is '2020.3.30f1 (1fb1bf06830e) revision 2077119'; Using compiler version '192528614'; Build Type 'Release'
OS: 'Windows 10  (10.0.19044) 64bit Professional' Language: 'ru' Physical Memory: 16336 MB
BatchMode: 1, IsHumanControllingUs: 0, StartBugReporterOnCrash: 0, Is64bit: 1, IsPro: 0

COMMAND LINE ARGUMENTS:
D:\Unity\2020.3.30f1\Editor\Unity.exe
-adb2
-batchMode
-noUpm
-name
AssetImportWorker0
-projectPath
D:/Katy/AwesomeProject/CasualOchka/CasualOchka
-logFile
Logs/AssetImportWorker0.log
-srvPort
64860
Successfully changed project path to: D:/Katy/AwesomeProject/CasualOchka/CasualOchka
D:/Katy/AwesomeProject/CasualOchka/CasualOchka
Using Asset Import Pipeline V2.
Refreshing native plugins compatible for Editor in 38.02 ms, found 2 plugins.
Preloading 0 native plugins for Editor in 0.00 ms.
Initialize engine version: 2020.3.30f1 (1fb1bf06830e)
[Subsystems] Discovering subsystems at path D:/Unity/2020.3.30f1/Editor/Data/Resources/UnitySubsystems
[Subsystems] Discovering subsystems at path D:/Katy/AwesomeProject/CasualOchka/CasualOchka/Assets
GfxDevice: creating device client; threaded=0
Direct3D:
    Version:  Direct3D 11.0 [level 11.1]
    Renderer: NVIDIA GeForce GTX 1050 Ti (ID=0x1c82)
    Vendor:   
    VRAM:     4018 MB
    Driver:   31.0.15.1748
Initialize mono
Mono path[0] = 'D:/Unity/2020.3.30f1/Editor/Data/Managed'
Mono path[1] = 'D:/Unity/2020.3.30f1/Editor/Data/MonoBleedingEdge/lib/mono/unityjit'
Mono config path = 'D:/Unity/2020.3.30f1/Editor/Data/MonoBleedingEdge/etc'
Using monoOptions --debugger-agent=transport=dt_socket,embedding=1,server=y,suspend=n,address=127.0.0.1:56976
Begin MonoManager ReloadAssembly
Registering precompiled unity dll's ...
Register platform support module: D:/Unity/2020.3.30f1/Editor/Data/PlaybackEngines/WindowsStandaloneSupport/UnityEditor.WindowsStandalone.Extensions.dll
Registered in 0.001350 seconds.
Native extension for WindowsStandalone target not found
Refreshing native plugins compatible for Editor in 34.30 ms, found 2 plugins.
Preloading 0 native plugins for Editor in 0.00 ms.
Mono: successfully reloaded assembly
- Completed reload, in  0.809 seconds
Domain Reload Profiling:
	ReloadAssembly (809ms)
		BeginReloadAssembly (91ms)
			ExecutionOrderSort (0ms)
			DisableScriptedObjects (0ms)
			BackupInstance (0ms)
			ReleaseScriptingObjects (0ms)
			CreateAndSetChildDomain (1ms)
		EndReloadAssembly (567ms)
			LoadAssemblies (89ms)
			RebuildTransferFunctionScriptingTraits (0ms)
			SetupTypeCache (242ms)
			ReleaseScriptCaches (0ms)
			RebuildScriptCaches (35ms)
			SetupLoadedEditorAssemblies (176ms)
				LogAssemblyErrors (0ms)
				InitializePlatformSupportModulesInManaged (4ms)
				SetLoadedEditorAssemblies (0ms)
				RefreshPlugins (34ms)
				BeforeProcessingInitializeOnLoad (9ms)
				ProcessInitializeOnLoadAttributes (95ms)
				ProcessInitializeOnLoadMethodAttributes (34ms)
				AfterProcessingInitializeOnLoad (0ms)
				EditorAssembliesLoaded (0ms)
			ExecutionOrderSort2 (0ms)
			AwakeInstancesAfterBackupRestoration (0ms)
Platform modules already initialized, skipping
Registering precompiled user dll's ...
Registered in 0.002425 seconds.
Begin MonoManager ReloadAssembly
Native extension for WindowsStandalone target not found
Refreshing native plugins compatible for Editor in 0.32 ms, found 2 plugins.
Preloading 0 native plugins for Editor in 0.00 ms.
Mono: successfully reloaded assembly
- Completed reload, in  1.202 seconds
Domain Reload Profiling:
	ReloadAssembly (1202ms)
		BeginReloadAssembly (156ms)
			ExecutionOrderSort (0ms)
			DisableScriptedObjects (5ms)
			BackupInstance (0ms)
			ReleaseScriptingObjects (0ms)
			CreateAndSetChildDomain (19ms)
		EndReloadAssembly (983ms)
			LoadAssemblies (104ms)
			RebuildTransferFunctionScriptingTraits (0ms)
			SetupTypeCache (397ms)
			ReleaseScriptCaches (0ms)
			RebuildScriptCaches (52ms)
			SetupLoadedEditorAssemblies (320ms)
				LogAssemblyErrors (0ms)
				InitializePlatformSupportModulesInManaged (4ms)
				SetLoadedEditorAssemblies (1ms)
				RefreshPlugins (0ms)
				BeforeProcessingInitializeOnLoad (58ms)
				ProcessInitializeOnLoadAttributes (244ms)
				ProcessInitializeOnLoadMethodAttributes (10ms)
				AfterProcessingInitializeOnLoad (3ms)
				EditorAssembliesLoaded (0ms)
			ExecutionOrderSort2 (0ms)
			AwakeInstancesAfterBackupRestoration (7ms)
Platform modules already initialized, skipping
========================================================================
Worker process is ready to serve import requests
Launched and connected shader compiler UnityShaderCompiler.exe after 0.11 seconds
Refreshing native plugins compatible for Editor in 0.70 ms, found 2 plugins.
Preloading 0 native plugins for Editor in 0.00 ms.
Unloading 1502 Unused Serialized files (Serialized files now loaded: 0)
System memory in use before: 67.7 MB.
System memory in use after: 67.8 MB.

Unloading 16 unused Assets to reduce memory usage. Loaded Objects now: 1937.
Total: 5.711500 ms (FindLiveObjects: 0.561900 ms CreateObjectMapping: 0.102600 ms MarkObjects: 4.964300 ms  DeleteObjects: 0.081900 ms)

AssetImportParameters requested are different than current active one (requested -> active):
  custom:framework-win-MediaFoundation: 216162199b28c13a410421893ffa2e32 -> 
  custom:video-decoder-ogg-theora: a1e56fd34408186e4bbccfd4996cb3dc -> 
  custom:container-muxer-webm: aa71ff27fc2769a1b78a27578f13a17b -> 
  custom:container-demuxer-webm: 4f35f7cbe854078d1ac9338744f61a02 -> 
  custom:container-demuxer-ogg: 62fdf1f143b41e24485cea50d1cbac27 -> 
  custom:video-encoder-webm-vp8: eb34c28f22e8b96e1ab97ce403110664 -> 
  custom:video-decoder-webm-vp8: 9c59270c3fd7afecdb556c50c9e8de78 -> 
  custom:audio-decoder-ogg-vorbis: bf7c407c2cedff20999df2af8eb42d56 -> 
  custom:audio-encoder-webm-vorbis: bf7c407c2cedff20999df2af8eb42d56 -> 
========================================================================
Received Import Request.
  path: Assets/Unit
  artifactKey: Guid(2dad7b8dba0306847b32b9b476928a9e) Importer(815301076,1909f56bfc062723c751e8b465ee728b)
Start importing Assets/Unit using Guid(2dad7b8dba0306847b32b9b476928a9e) Importer(815301076,1909f56bfc062723c751e8b465ee728b)  -> (artifact id: '6d88e783022e011c71cf1a89da989351') in 0.011999 seconds 
========================================================================
Received Import Request.
  Time since last request: 7.849041 seconds.
  path: Assets/Unit/unit_minion.fbx
  artifactKey: Guid(f4516fbbfe906c04794fc6602c28dcbf) Importer(815301076,1909f56bfc062723c751e8b465ee728b)
Start importing Assets/Unit/unit_minion.fbx using Guid(f4516fbbfe906c04794fc6602c28dcbf) Importer(815301076,1909f56bfc062723c751e8b465ee728b)  -> (artifact id: '8e20793de82299561b576bd719a3cd90') in 0.520061 seconds 
========================================================================
Received Import Request.
  Time since last request: 31.263101 seconds.
  path: Assets/Scenes
  artifactKey: Guid(20adafe302c53df4ba14c49253fdfcef) Importer(815301076,1909f56bfc062723c751e8b465ee728b)
Start importing Assets/Scenes using Guid(20adafe302c53df4ba14c49253fdfcef) Importer(815301076,1909f56bfc062723c751e8b465ee728b)  -> (artifact id: '4c704176c6353831544a3de9b11f0a7e') in 0.007639 seconds 
========================================================================
Received Import Request.
  Time since last request: 24.417010 seconds.
  path: Assets/Scenes/Run_Lvl0.unity
  artifactKey: Guid(f31e1067dca0fef4483d47a355991678) Importer(815301076,1909f56bfc062723c751e8b465ee728b)
Start importing Assets/Scenes/Run_Lvl0.unity using Guid(f31e1067dca0fef4483d47a355991678) Importer(815301076,1909f56bfc062723c751e8b465ee728b)  -> (artifact id: '265f56f51f3d2d19c9de73e923e2aa45') in 0.010296 seconds 
========================================================================
Received Import Request.
  Time since last request: 6.264170 seconds.
  path: Assets/Scenes/Run_Lvl_0.unity
  artifactKey: Guid(f31e1067dca0fef4483d47a355991678) Importer(815301076,1909f56bfc062723c751e8b465ee728b)
Start importing Assets/Scenes/Run_Lvl_0.unity using Guid(f31e1067dca0fef4483d47a355991678) Importer(815301076,1909f56bfc062723c751e8b465ee728b)  -> (artifact id: '016dc46be1ca4a95e75d34b63a19bb88') in 0.007598 seconds 
========================================================================
Received Import Request.
  Time since last request: 110.056759 seconds.
  path: Assets/Prefabs
  artifactKey: Guid(4e0838ab6aa2c2b4ebf30b6691ec6f34) Importer(815301076,1909f56bfc062723c751e8b465ee728b)
Start importing Assets/Prefabs using Guid(4e0838ab6aa2c2b4ebf30b6691ec6f34) Importer(815301076,1909f56bfc062723c751e8b465ee728b)  -> (artifact id: 'cd6e4e634d8382005fc7e693dadcef8b') in 0.058910 seconds 
========================================================================
Received Import Request.
  Time since last request: 175.819343 seconds.
  path: Assets/Prefabs/Platform_default.prefab
  artifactKey: Guid(ecbc32ea9d50e124ba4faeed5df03c6f) Importer(815301076,1909f56bfc062723c751e8b465ee728b)
Start importing Assets/Prefabs/Platform_default.prefab using Guid(ecbc32ea9d50e124ba4faeed5df03c6f) Importer(815301076,1909f56bfc062723c751e8b465ee728b)  -> (artifact id: 'a54c59bfd0b6d60cbc1027290896402f') in 0.034061 seconds 
========================================================================
Received Import Request.
  Time since last request: 498.883835 seconds.
  path: Assets/Scenes/Scene_Run.unity
  artifactKey: Guid(f31e1067dca0fef4483d47a355991678) Importer(815301076,1909f56bfc062723c751e8b465ee728b)
Start importing Assets/Scenes/Scene_Run.unity using Guid(f31e1067dca0fef4483d47a355991678) Importer(815301076,1909f56bfc062723c751e8b465ee728b)  -> (artifact id: '43fea0f3a3201c60665e7cf7e7797b3d') in 0.013501 seconds 
========================================================================
Received Import Request.
  Time since last request: 34.089067 seconds.
  path: Assets/Ьфеукшфды
  artifactKey: Guid(c2aec0d688436ea479d8edcee380e630) Importer(815301076,1909f56bfc062723c751e8b465ee728b)
Start importing Assets/Ьфеукшфды using Guid(c2aec0d688436ea479d8edcee380e630) Importer(815301076,1909f56bfc062723c751e8b465ee728b)  -> (artifact id: '9ef32c18726dd8d25f5ce9623c8cbd9c') in 0.006819 seconds 
========================================================================
Received Import Request.
  Time since last request: 6.093561 seconds.
  path: Assets/Materials
  artifactKey: Guid(c2aec0d688436ea479d8edcee380e630) Importer(815301076,1909f56bfc062723c751e8b465ee728b)
Start importing Assets/Materials using Guid(c2aec0d688436ea479d8edcee380e630) Importer(815301076,1909f56bfc062723c751e8b465ee728b)  -> (artifact id: 'd8bf1d6095fcda90517cd7b0e5a1bc69') in 0.012318 seconds 
========================================================================
Received Import Request.
  Time since last request: 253.561710 seconds.
  path: Assets/Scenes/SampleScene.unity
  artifactKey: Guid(9fc0d4010bbf28b4594072e72b8655ab) Importer(815301076,1909f56bfc062723c751e8b465ee728b)
Start importing Assets/Scenes/SampleScene.unity using Guid(9fc0d4010bbf28b4594072e72b8655ab) Importer(815301076,1909f56bfc062723c751e8b465ee728b)  -> (artifact id: 'a5266f9ab938169b5ba21f7aed656847') in 0.007125 seconds 
========================================================================
Received Import Request.
  Time since last request: 350.569744 seconds.
  path: Assets/Materials/New Material.mat
  artifactKey: Guid(a827dd2219f59cd4abc0b2cb5d9fa77d) Importer(815301076,1909f56bfc062723c751e8b465ee728b)
Start importing Assets/Materials/New Material.mat using Guid(a827dd2219f59cd4abc0b2cb5d9fa77d) Importer(815301076,1909f56bfc062723c751e8b465ee728b)  -> (artifact id: '1e8f10bcc95cfe6359f114eecb95658d') in 0.027790 seconds 
========================================================================
Received Import Request.
  Time since last request: 32.457188 seconds.
  path: Assets/Materials/Ground.mat
  artifactKey: Guid(a827dd2219f59cd4abc0b2cb5d9fa77d) Importer(815301076,1909f56bfc062723c751e8b465ee728b)
Start importing Assets/Materials/Ground.mat using Guid(a827dd2219f59cd4abc0b2cb5d9fa77d) Importer(815301076,1909f56bfc062723c751e8b465ee728b)  -> (artifact id: 'dfa8718f4ddbece3871baf11c9c31902') in 0.014980 seconds 
========================================================================
Received Import Request.
  Time since last request: 46.506738 seconds.
  path: Assets/Materials/Finish.mat
  artifactKey: Guid(3ab65559fd05573479945870ebeb98bd) Importer(815301076,1909f56bfc062723c751e8b465ee728b)
Start importing Assets/Materials/Finish.mat using Guid(3ab65559fd05573479945870ebeb98bd) Importer(815301076,1909f56bfc062723c751e8b465ee728b)  -> (artifact id: '00e194f68c4865c96c7d851df771993c') in 0.024368 seconds 
========================================================================
Received Import Request.
  Time since last request: 63.905274 seconds.
  path: Assets/Prefabs/Platform_finish.prefab
  artifactKey: Guid(72cc58c6ae9f76f47b6adbd7cf6c6224) Importer(815301076,1909f56bfc062723c751e8b465ee728b)
Start importing Assets/Prefabs/Platform_finish.prefab using Guid(72cc58c6ae9f76f47b6adbd7cf6c6224) Importer(815301076,1909f56bfc062723c751e8b465ee728b)  -> (artifact id: 'fd292d1a1efaf37976f0298d5bb720aa') in 0.027330 seconds 
========================================================================
Received Import Request.
  Time since last request: 12.484796 seconds.
  path: Assets/Materials/Start.mat
  artifactKey: Guid(473cc9062508c3b43a005b240cbd4515) Importer(815301076,1909f56bfc062723c751e8b465ee728b)
Start importing Assets/Materials/Start.mat using Guid(473cc9062508c3b43a005b240cbd4515) Importer(815301076,1909f56bfc062723c751e8b465ee728b)  -> (artifact id: '91e39b4c3aaa90ec2ac755dc4791b15d') in 0.035788 seconds 
========================================================================
Received Import Request.
  Time since last request: 22.834525 seconds.
  path: Assets/Prefabs/Platform_start.prefab
  artifactKey: Guid(68bc99ed193639346943b170d6c86bc2) Importer(815301076,1909f56bfc062723c751e8b465ee728b)
Start importing Assets/Prefabs/Platform_start.prefab using Guid(68bc99ed193639346943b170d6c86bc2) Importer(815301076,1909f56bfc062723c751e8b465ee728b)  -> (artifact id: 'cc08dac60d43b71923c0186beb2cc881') in 0.033433 seconds 
========================================================================
Received Import Request.
  Time since last request: 122.713216 seconds.
  path: Assets/Materials/Gold.mat
  artifactKey: Guid(b3f587bc48234ef4396b2b1e67950550) Importer(815301076,1909f56bfc062723c751e8b465ee728b)
Start importing Assets/Materials/Gold.mat using Guid(b3f587bc48234ef4396b2b1e67950550) Importer(815301076,1909f56bfc062723c751e8b465ee728b)  -> (artifact id: '84f1bac87f2f8fe81acbbf7822ead37d') in 0.036354 seconds 
========================================================================
Received Import Request.
  Time since last request: 83.813247 seconds.
  path: Assets/Materials/Finish.mat
  artifactKey: Guid(3ab65559fd05573479945870ebeb98bd) Importer(815301076,1909f56bfc062723c751e8b465ee728b)
Start importing Assets/Materials/Finish.mat using Guid(3ab65559fd05573479945870ebeb98bd) Importer(815301076,1909f56bfc062723c751e8b465ee728b)  -> (artifact id: 'bedbdb356c91531509aeadcd4eda227e') in 0.015051 seconds 
========================================================================
Received Import Request.
  Time since last request: 0.000231 seconds.
  path: Assets/Materials/Start.mat
  artifactKey: Guid(473cc9062508c3b43a005b240cbd4515) Importer(815301076,1909f56bfc062723c751e8b465ee728b)
Start importing Assets/Materials/Start.mat using Guid(473cc9062508c3b43a005b240cbd4515) Importer(815301076,1909f56bfc062723c751e8b465ee728b)  -> (artifact id: '6866a6ca04dd7e34136d0ce75deb4185') in 0.023488 seconds 
========================================================================
Received Import Request.
  Time since last request: 0.000256 seconds.
  path: Assets/Materials/Gold.mat
  artifactKey: Guid(b3f587bc48234ef4396b2b1e67950550) Importer(815301076,1909f56bfc062723c751e8b465ee728b)
Start importing Assets/Materials/Gold.mat using Guid(b3f587bc48234ef4396b2b1e67950550) Importer(815301076,1909f56bfc062723c751e8b465ee728b)  -> (artifact id: '819bb73897e8175f645b135379ce3071') in 0.033150 seconds 
========================================================================
Received Import Request.
  Time since last request: 23.903257 seconds.
  path: Assets/Prefabs/Platforms
  artifactKey: Guid(4330f45d004a829418bd3d8c06573380) Importer(815301076,1909f56bfc062723c751e8b465ee728b)
Start importing Assets/Prefabs/Platforms using Guid(4330f45d004a829418bd3d8c06573380) Importer(815301076,1909f56bfc062723c751e8b465ee728b)  -> (artifact id: '6f6bec1441f7f2a9b3568d01c80d0dde') in 0.008389 seconds 
========================================================================
Received Import Request.
  Time since last request: 9.329145 seconds.
  path: Assets/Prefabs/Items
  artifactKey: Guid(b274c749132b35d4592130072bed6b15) Importer(815301076,1909f56bfc062723c751e8b465ee728b)
Start importing Assets/Prefabs/Items using Guid(b274c749132b35d4592130072bed6b15) Importer(815301076,1909f56bfc062723c751e8b465ee728b)  -> (artifact id: 'b56bf6fae05417a4f496b07e83ce1ff2') in 0.010077 seconds 
========================================================================
Received Import Request.
  Time since last request: 4.021757 seconds.
  path: Assets/Prefabs/Items/Coin.prefab
  artifactKey: Guid(2224e07c31f0afe43b46cfe717fe943a) Importer(815301076,1909f56bfc062723c751e8b465ee728b)
Start importing Assets/Prefabs/Items/Coin.prefab using Guid(2224e07c31f0afe43b46cfe717fe943a) Importer(815301076,1909f56bfc062723c751e8b465ee728b)  -> (artifact id: 'ae08871f3b0d4741056664bc9efb38c8') in 0.022454 seconds 
========================================================================
Received Import Request.
  Time since last request: 54.865566 seconds.
  path: Assets/Prefabs/Levels
  artifactKey: Guid(807045bc8799cf945b7a6e4e7fbe7001) Importer(815301076,1909f56bfc062723c751e8b465ee728b)
Start importing Assets/Prefabs/Levels using Guid(807045bc8799cf945b7a6e4e7fbe7001) Importer(815301076,1909f56bfc062723c751e8b465ee728b)  -> (artifact id: 'cb70ef63bcf45ead644ea7eaac358308') in 0.011739 seconds 
========================================================================
Received Import Request.
  Time since last request: 27.805700 seconds.
  path: Assets/Prefabs/Levels/Level_0.prefab
  artifactKey: Guid(2140c5f051fbb0843be4863e40007a75) Importer(815301076,1909f56bfc062723c751e8b465ee728b)
Start importing Assets/Prefabs/Levels/Level_0.prefab using Guid(2140c5f051fbb0843be4863e40007a75) Importer(815301076,1909f56bfc062723c751e8b465ee728b)  -> (artifact id: '99a137b674e8196844efcf705481de71') in 0.038627 seconds 
========================================================================
Received Import Request.
  Time since last request: 92.693438 seconds.
  path: Assets/Scripts
  artifactKey: Guid(24b59d7d38916f34e88c4da2ebbd0c9c) Importer(815301076,1909f56bfc062723c751e8b465ee728b)
Start importing Assets/Scripts using Guid(24b59d7d38916f34e88c4da2ebbd0c9c) Importer(815301076,1909f56bfc062723c751e8b465ee728b)  -> (artifact id: 'bfd4d25f2797726a65a440ce4d99b0fb') in 0.010039 seconds 
========================================================================
Received Import Request.
  Time since last request: 14.036795 seconds.
  path: Assets/Scripts/Rotate_coin.cs
  artifactKey: Guid(320c73acebc95384a85e592d7f1c05ae) Importer(815301076,1909f56bfc062723c751e8b465ee728b)
Start importing Assets/Scripts/Rotate_coin.cs using Guid(320c73acebc95384a85e592d7f1c05ae) Importer(815301076,1909f56bfc062723c751e8b465ee728b)  -> (artifact id: '53704abee9952d3970a3f6f3c67ddbae') in 0.015114 seconds 
========================================================================
Received Prepare
Registering precompiled user dll's ...
Registered in 0.003149 seconds.
Begin MonoManager ReloadAssembly
Native extension for WindowsStandalone target not found
Refreshing native plugins compatible for Editor in 0.46 ms, found 2 plugins.
Preloading 0 native plugins for Editor in 0.00 ms.
Mono: successfully reloaded assembly
- Completed reload, in  2.120 seconds
Domain Reload Profiling:
	ReloadAssembly (2120ms)
		BeginReloadAssembly (1138ms)
			ExecutionOrderSort (0ms)
			DisableScriptedObjects (35ms)
			BackupInstance (0ms)
			ReleaseScriptingObjects (0ms)
			CreateAndSetChildDomain (87ms)
		EndReloadAssembly (890ms)
			LoadAssemblies (119ms)
			RebuildTransferFunctionScriptingTraits (0ms)
			SetupTypeCache (344ms)
			ReleaseScriptCaches (1ms)
			RebuildScriptCaches (40ms)
			SetupLoadedEditorAssemblies (311ms)
				LogAssemblyErrors (0ms)
				InitializePlatformSupportModulesInManaged (5ms)
				SetLoadedEditorAssemblies (1ms)
				RefreshPlugins (1ms)
				BeforeProcessingInitializeOnLoad (51ms)
				ProcessInitializeOnLoadAttributes (242ms)
				ProcessInitializeOnLoadMethodAttributes (10ms)
				AfterProcessingInitializeOnLoad (2ms)
				EditorAssembliesLoaded (0ms)
			ExecutionOrderSort2 (0ms)
			AwakeInstancesAfterBackupRestoration (7ms)
Platform modules already initialized, skipping
Refreshing native plugins compatible for Editor in 0.33 ms, found 2 plugins.
Preloading 0 native plugins for Editor in 0.00 ms.
Unloading 1497 Unused Serialized files (Serialized files now loaded: 0)
System memory in use before: 84.7 MB.
System memory in use after: 84.8 MB.

Unloading 12 unused Assets to reduce memory usage. Loaded Objects now: 1986.
Total: 3.052400 ms (FindLiveObjects: 0.147700 ms CreateObjectMapping: 0.102200 ms MarkObjects: 2.770300 ms  DeleteObjects: 0.031100 ms)

AssetImportParameters requested are different than current active one (requested -> active):
  custom:framework-win-MediaFoundation: 216162199b28c13a410421893ffa2e32 -> 
  custom:video-decoder-ogg-theora: a1e56fd34408186e4bbccfd4996cb3dc -> 
  custom:container-muxer-webm: aa71ff27fc2769a1b78a27578f13a17b -> 
  custom:container-demuxer-webm: 4f35f7cbe854078d1ac9338744f61a02 -> 
  custom:container-demuxer-ogg: 62fdf1f143b41e24485cea50d1cbac27 -> 
  custom:video-encoder-webm-vp8: eb34c28f22e8b96e1ab97ce403110664 -> 
  custom:video-decoder-webm-vp8: 9c59270c3fd7afecdb556c50c9e8de78 -> 
  custom:audio-decoder-ogg-vorbis: bf7c407c2cedff20999df2af8eb42d56 -> 
  custom:audio-encoder-webm-vorbis: bf7c407c2cedff20999df2af8eb42d56 -> 
========================================================================
Received Prepare
Registering precompiled user dll's ...
Registered in 0.002271 seconds.
Begin MonoManager ReloadAssembly
Native extension for WindowsStandalone target not found
Refreshing native plugins compatible for Editor in 0.37 ms, found 2 plugins.
Preloading 0 native plugins for Editor in 0.00 ms.
Mono: successfully reloaded assembly
- Completed reload, in  2.234 seconds
Domain Reload Profiling:
	ReloadAssembly (2238ms)
		BeginReloadAssembly (395ms)
			ExecutionOrderSort (0ms)
			DisableScriptedObjects (30ms)
			BackupInstance (0ms)
			ReleaseScriptingObjects (0ms)
			CreateAndSetChildDomain (198ms)
		EndReloadAssembly (1727ms)
			LoadAssemblies (251ms)
			RebuildTransferFunctionScriptingTraits (0ms)
			SetupTypeCache (834ms)
			ReleaseScriptCaches (1ms)
			RebuildScriptCaches (42ms)
			SetupLoadedEditorAssemblies (469ms)
				LogAssemblyErrors (0ms)
				InitializePlatformSupportModulesInManaged (8ms)
				SetLoadedEditorAssemblies (1ms)
				RefreshPlugins (1ms)
				BeforeProcessingInitializeOnLoad (109ms)
				ProcessInitializeOnLoadAttributes (329ms)
				ProcessInitializeOnLoadMethodAttributes (18ms)
				AfterProcessingInitializeOnLoad (3ms)
				EditorAssembliesLoaded (0ms)
			ExecutionOrderSort2 (0ms)
			AwakeInstancesAfterBackupRestoration (12ms)
Platform modules already initialized, skipping
Refreshing native plugins compatible for Editor in 0.33 ms, found 2 plugins.
Preloading 0 native plugins for Editor in 0.00 ms.
Unloading 1497 Unused Serialized files (Serialized files now loaded: 0)
System memory in use before: 84.7 MB.
System memory in use after: 84.8 MB.

Unloading 11 unused Assets to reduce memory usage. Loaded Objects now: 1988.
Total: 2.712600 ms (FindLiveObjects: 0.154300 ms CreateObjectMapping: 0.060500 ms MarkObjects: 2.436100 ms  DeleteObjects: 0.060700 ms)

AssetImportParameters requested are different than current active one (requested -> active):
  custom:framework-win-MediaFoundation: 216162199b28c13a410421893ffa2e32 -> 
  custom:video-decoder-ogg-theora: a1e56fd34408186e4bbccfd4996cb3dc -> 
  custom:container-muxer-webm: aa71ff27fc2769a1b78a27578f13a17b -> 
  custom:container-demuxer-webm: 4f35f7cbe854078d1ac9338744f61a02 -> 
  custom:container-demuxer-ogg: 62fdf1f143b41e24485cea50d1cbac27 -> 
  custom:video-encoder-webm-vp8: eb34c28f22e8b96e1ab97ce403110664 -> 
  custom:video-decoder-webm-vp8: 9c59270c3fd7afecdb556c50c9e8de78 -> 
  custom:audio-decoder-ogg-vorbis: bf7c407c2cedff20999df2af8eb42d56 -> 
  custom:audio-encoder-webm-vorbis: bf7c407c2cedff20999df2af8eb42d56 -> 
========================================================================
Received Import Request.
  Time since last request: 4250.569278 seconds.
  path: Assets/Prefabs/Platforms/Platform_ground.prefab
  artifactKey: Guid(253e48a3af32b884388f02d787a4a4c3) Importer(815301076,1909f56bfc062723c751e8b465ee728b)
Start importing Assets/Prefabs/Platforms/Platform_ground.prefab using Guid(253e48a3af32b884388f02d787a4a4c3) Importer(815301076,1909f56bfc062723c751e8b465ee728b)  -> (artifact id: '07eacfa711661bdb17761fd5c9051ce7') in 0.143354 seconds 
========================================================================
Received Prepare
Registering precompiled user dll's ...
Registered in 0.002322 seconds.
Begin MonoManager ReloadAssembly
Native extension for WindowsStandalone target not found
Refreshing native plugins compatible for Editor in 0.78 ms, found 2 plugins.
Preloading 0 native plugins for Editor in 0.00 ms.
Mono: successfully reloaded assembly
- Completed reload, in  1.476 seconds
Domain Reload Profiling:
	ReloadAssembly (1476ms)
		BeginReloadAssembly (247ms)
			ExecutionOrderSort (0ms)
			DisableScriptedObjects (6ms)
			BackupInstance (0ms)
			ReleaseScriptingObjects (0ms)
			CreateAndSetChildDomain (66ms)
		EndReloadAssembly (1119ms)
			LoadAssemblies (192ms)
			RebuildTransferFunctionScriptingTraits (0ms)
			SetupTypeCache (383ms)
			ReleaseScriptCaches (1ms)
			RebuildScriptCaches (56ms)
			SetupLoadedEditorAssemblies (431ms)
				LogAssemblyErrors (0ms)
				InitializePlatformSupportModulesInManaged (5ms)
				SetLoadedEditorAssemblies (2ms)
				RefreshPlugins (1ms)
				BeforeProcessingInitializeOnLoad (85ms)
				ProcessInitializeOnLoadAttributes (324ms)
				ProcessInitializeOnLoadMethodAttributes (11ms)
				AfterProcessingInitializeOnLoad (3ms)
				EditorAssembliesLoaded (0ms)
			ExecutionOrderSort2 (0ms)
			AwakeInstancesAfterBackupRestoration (16ms)
Platform modules already initialized, skipping
Refreshing native plugins compatible for Editor in 0.32 ms, found 2 plugins.
Preloading 0 native plugins for Editor in 0.00 ms.
Unloading 1497 Unused Serialized files (Serialized files now loaded: 0)
System memory in use before: 84.7 MB.
System memory in use after: 84.8 MB.

Unloading 11 unused Assets to reduce memory usage. Loaded Objects now: 1991.
Total: 2.819100 ms (FindLiveObjects: 0.146000 ms CreateObjectMapping: 0.057400 ms MarkObjects: 2.587600 ms  DeleteObjects: 0.026600 ms)

AssetImportParameters requested are different than current active one (requested -> active):
  custom:framework-win-MediaFoundation: 216162199b28c13a410421893ffa2e32 -> 
  custom:video-decoder-ogg-theora: a1e56fd34408186e4bbccfd4996cb3dc -> 
  custom:container-muxer-webm: aa71ff27fc2769a1b78a27578f13a17b -> 
  custom:container-demuxer-webm: 4f35f7cbe854078d1ac9338744f61a02 -> 
  custom:container-demuxer-ogg: 62fdf1f143b41e24485cea50d1cbac27 -> 
  custom:video-encoder-webm-vp8: eb34c28f22e8b96e1ab97ce403110664 -> 
  custom:video-decoder-webm-vp8: 9c59270c3fd7afecdb556c50c9e8de78 -> 
  custom:audio-decoder-ogg-vorbis: bf7c407c2cedff20999df2af8eb42d56 -> 
  custom:audio-encoder-webm-vorbis: bf7c407c2cedff20999df2af8eb42d56 -> 
========================================================================
Received Prepare
Registering precompiled user dll's ...
Registered in 0.002010 seconds.
Begin MonoManager ReloadAssembly
Native extension for WindowsStandalone target not found
Refreshing native plugins compatible for Editor in 0.33 ms, found 2 plugins.
Preloading 0 native plugins for Editor in 0.00 ms.
Mono: successfully reloaded assembly
- Completed reload, in  1.526 seconds
Domain Reload Profiling:
	ReloadAssembly (1527ms)
		BeginReloadAssembly (115ms)
			ExecutionOrderSort (0ms)
			DisableScriptedObjects (6ms)
			BackupInstance (0ms)
			ReleaseScriptingObjects (0ms)
			CreateAndSetChildDomain (33ms)
		EndReloadAssembly (1325ms)
			LoadAssemblies (96ms)
			RebuildTransferFunctionScriptingTraits (0ms)
			SetupTypeCache (383ms)
			ReleaseScriptCaches (1ms)
			RebuildScriptCaches (304ms)
			SetupLoadedEditorAssemblies (318ms)
				LogAssemblyErrors (0ms)
				InitializePlatformSupportModulesInManaged (6ms)
				SetLoadedEditorAssemblies (1ms)
				RefreshPlugins (0ms)
				BeforeProcessingInitializeOnLoad (50ms)
				ProcessInitializeOnLoadAttributes (249ms)
				ProcessInitializeOnLoadMethodAttributes (9ms)
				AfterProcessingInitializeOnLoad (3ms)
				EditorAssembliesLoaded (0ms)
			ExecutionOrderSort2 (0ms)
			AwakeInstancesAfterBackupRestoration (7ms)
Platform modules already initialized, skipping
Refreshing native plugins compatible for Editor in 0.35 ms, found 2 plugins.
Preloading 0 native plugins for Editor in 0.00 ms.
Unloading 1497 Unused Serialized files (Serialized files now loaded: 0)
System memory in use before: 84.7 MB.
System memory in use after: 84.8 MB.

Unloading 11 unused Assets to reduce memory usage. Loaded Objects now: 1993.
Total: 2.843700 ms (FindLiveObjects: 0.133400 ms CreateObjectMapping: 0.047200 ms MarkObjects: 2.637800 ms  DeleteObjects: 0.024300 ms)

AssetImportParameters requested are different than current active one (requested -> active):
  custom:framework-win-MediaFoundation: 216162199b28c13a410421893ffa2e32 -> 
  custom:video-decoder-ogg-theora: a1e56fd34408186e4bbccfd4996cb3dc -> 
  custom:container-muxer-webm: aa71ff27fc2769a1b78a27578f13a17b -> 
  custom:container-demuxer-webm: 4f35f7cbe854078d1ac9338744f61a02 -> 
  custom:container-demuxer-ogg: 62fdf1f143b41e24485cea50d1cbac27 -> 
  custom:video-encoder-webm-vp8: eb34c28f22e8b96e1ab97ce403110664 -> 
  custom:video-decoder-webm-vp8: 9c59270c3fd7afecdb556c50c9e8de78 -> 
  custom:audio-decoder-ogg-vorbis: bf7c407c2cedff20999df2af8eb42d56 -> 
  custom:audio-encoder-webm-vorbis: bf7c407c2cedff20999df2af8eb42d56 -> 
========================================================================
Received Prepare
Registering precompiled user dll's ...
Registered in 0.002943 seconds.
Begin MonoManager ReloadAssembly
Native extension for WindowsStandalone target not found
Refreshing native plugins compatible for Editor in 0.34 ms, found 2 plugins.
Preloading 0 native plugins for Editor in 0.00 ms.
Mono: successfully reloaded assembly
- Completed reload, in  1.766 seconds
Domain Reload Profiling:
	ReloadAssembly (1767ms)
		BeginReloadAssembly (268ms)
			ExecutionOrderSort (0ms)
			DisableScriptedObjects (46ms)
			BackupInstance (0ms)
			ReleaseScriptingObjects (0ms)
			CreateAndSetChildDomain (114ms)
		EndReloadAssembly (1366ms)
			LoadAssemblies (151ms)
			RebuildTransferFunctionScriptingTraits (0ms)
			SetupTypeCache (484ms)
			ReleaseScriptCaches (2ms)
			RebuildScriptCaches (112ms)
			SetupLoadedEditorAssemblies (395ms)
				LogAssemblyErrors (0ms)
				InitializePlatformSupportModulesInManaged (6ms)
				SetLoadedEditorAssemblies (1ms)
				RefreshPlugins (0ms)
				BeforeProcessingInitializeOnLoad (52ms)
				ProcessInitializeOnLoadAttributes (324ms)
				ProcessInitializeOnLoadMethodAttributes (9ms)
				AfterProcessingInitializeOnLoad (3ms)
				EditorAssembliesLoaded (0ms)
			ExecutionOrderSort2 (0ms)
			AwakeInstancesAfterBackupRestoration (8ms)
Platform modules already initialized, skipping
Refreshing native plugins compatible for Editor in 0.35 ms, found 2 plugins.
Preloading 0 native plugins for Editor in 0.00 ms.
Unloading 1497 Unused Serialized files (Serialized files now loaded: 0)
System memory in use before: 84.7 MB.
System memory in use after: 84.8 MB.

Unloading 11 unused Assets to reduce memory usage. Loaded Objects now: 1995.
Total: 4.116500 ms (FindLiveObjects: 0.141400 ms CreateObjectMapping: 0.329100 ms MarkObjects: 3.621800 ms  DeleteObjects: 0.023200 ms)

AssetImportParameters requested are different than current active one (requested -> active):
  custom:framework-win-MediaFoundation: 216162199b28c13a410421893ffa2e32 -> 
  custom:video-decoder-ogg-theora: a1e56fd34408186e4bbccfd4996cb3dc -> 
  custom:container-muxer-webm: aa71ff27fc2769a1b78a27578f13a17b -> 
  custom:container-demuxer-webm: 4f35f7cbe854078d1ac9338744f61a02 -> 
  custom:container-demuxer-ogg: 62fdf1f143b41e24485cea50d1cbac27 -> 
  custom:video-encoder-webm-vp8: eb34c28f22e8b96e1ab97ce403110664 -> 
  custom:video-decoder-webm-vp8: 9c59270c3fd7afecdb556c50c9e8de78 -> 
  custom:audio-decoder-ogg-vorbis: bf7c407c2cedff20999df2af8eb42d56 -> 
  custom:audio-encoder-webm-vorbis: bf7c407c2cedff20999df2af8eb42d56 -> 
========================================================================
Received Import Request.
  Time since last request: 196.145742 seconds.
  path: Assets/Prefabs/Items/Coin.prefab
  artifactKey: Guid(2224e07c31f0afe43b46cfe717fe943a) Importer(815301076,1909f56bfc062723c751e8b465ee728b)
Start importing Assets/Prefabs/Items/Coin.prefab using Guid(2224e07c31f0afe43b46cfe717fe943a) Importer(815301076,1909f56bfc062723c751e8b465ee728b)  -> (artifact id: '2849c97983db4d0e07c405dcbf27197c') in 0.249975 seconds 
========================================================================
Received Import Request.
  Time since last request: 2.471297 seconds.
  path: Assets/Prefabs/Items/Coin.prefab
  artifactKey: Guid(2224e07c31f0afe43b46cfe717fe943a) Importer(815301076,1909f56bfc062723c751e8b465ee728b)
Start importing Assets/Prefabs/Items/Coin.prefab using Guid(2224e07c31f0afe43b46cfe717fe943a) Importer(815301076,1909f56bfc062723c751e8b465ee728b)  -> (artifact id: 'e107f6670aad1b364440796f6ce1028b') in 0.075752 seconds 
========================================================================
Received Prepare
Registering precompiled user dll's ...
Registered in 0.003338 seconds.
Begin MonoManager ReloadAssembly
Native extension for WindowsStandalone target not found
Refreshing native plugins compatible for Editor in 0.37 ms, found 2 plugins.
Preloading 0 native plugins for Editor in 0.00 ms.
Mono: successfully reloaded assembly
- Completed reload, in  8.972 seconds
Domain Reload Profiling:
	ReloadAssembly (8974ms)
		BeginReloadAssembly (2795ms)
			ExecutionOrderSort (0ms)
			DisableScriptedObjects (34ms)
			BackupInstance (0ms)
			ReleaseScriptingObjects (1ms)
			CreateAndSetChildDomain (186ms)
		EndReloadAssembly (5088ms)
			LoadAssemblies (5175ms)
			RebuildTransferFunctionScriptingTraits (1ms)
			SetupTypeCache (1634ms)
			ReleaseScriptCaches (2ms)
			RebuildScriptCaches (63ms)
			SetupLoadedEditorAssemblies (332ms)
				LogAssemblyErrors (0ms)
				InitializePlatformSupportModulesInManaged (5ms)
				SetLoadedEditorAssemblies (1ms)
				RefreshPlugins (0ms)
				BeforeProcessingInitializeOnLoad (55ms)
				ProcessInitializeOnLoadAttributes (258ms)
				ProcessInitializeOnLoadMethodAttributes (10ms)
				AfterProcessingInitializeOnLoad (2ms)
				EditorAssembliesLoaded (0ms)
			ExecutionOrderSort2 (0ms)
			AwakeInstancesAfterBackupRestoration (8ms)
Platform modules already initialized, skipping
Refreshing native plugins compatible for Editor in 0.40 ms, found 2 plugins.
Preloading 0 native plugins for Editor in 0.00 ms.
Unloading 1497 Unused Serialized files (Serialized files now loaded: 0)
System memory in use before: 84.7 MB.
System memory in use after: 84.9 MB.

Unloading 11 unused Assets to reduce memory usage. Loaded Objects now: 1998.
Total: 3.027600 ms (FindLiveObjects: 0.156000 ms CreateObjectMapping: 0.057100 ms MarkObjects: 2.791600 ms  DeleteObjects: 0.021300 ms)

AssetImportParameters requested are different than current active one (requested -> active):
  custom:framework-win-MediaFoundation: 216162199b28c13a410421893ffa2e32 -> 
  custom:video-decoder-ogg-theora: a1e56fd34408186e4bbccfd4996cb3dc -> 
  custom:container-muxer-webm: aa71ff27fc2769a1b78a27578f13a17b -> 
  custom:container-demuxer-webm: 4f35f7cbe854078d1ac9338744f61a02 -> 
  custom:container-demuxer-ogg: 62fdf1f143b41e24485cea50d1cbac27 -> 
  custom:video-encoder-webm-vp8: eb34c28f22e8b96e1ab97ce403110664 -> 
  custom:video-decoder-webm-vp8: 9c59270c3fd7afecdb556c50c9e8de78 -> 
  custom:audio-decoder-ogg-vorbis: bf7c407c2cedff20999df2af8eb42d56 -> 
  custom:audio-encoder-webm-vorbis: bf7c407c2cedff20999df2af8eb42d56 -> 
========================================================================
Received Import Request.
  Time since last request: 40.022638 seconds.
  path: Assets/Prefabs/Items/Coin.prefab
  artifactKey: Guid(2224e07c31f0afe43b46cfe717fe943a) Importer(815301076,1909f56bfc062723c751e8b465ee728b)
Start importing Assets/Prefabs/Items/Coin.prefab using Guid(2224e07c31f0afe43b46cfe717fe943a) Importer(815301076,1909f56bfc062723c751e8b465ee728b)  -> (artifact id: '446fb47eb27019553aafde45b80c4afc') in 0.061691 seconds 
========================================================================
Received Prepare
Registering precompiled user dll's ...
Registered in 0.002614 seconds.
Begin MonoManager ReloadAssembly
Native extension for WindowsStandalone target not found
Refreshing native plugins compatible for Editor in 0.36 ms, found 2 plugins.
Preloading 0 native plugins for Editor in 0.00 ms.
Mono: successfully reloaded assembly
- Completed reload, in  1.318 seconds
Domain Reload Profiling:
	ReloadAssembly (1319ms)
		BeginReloadAssembly (109ms)
			ExecutionOrderSort (0ms)
			DisableScriptedObjects (5ms)
			BackupInstance (0ms)
			ReleaseScriptingObjects (0ms)
			CreateAndSetChildDomain (37ms)
		EndReloadAssembly (1112ms)
			LoadAssemblies (129ms)
			RebuildTransferFunctionScriptingTraits (0ms)
			SetupTypeCache (466ms)
			ReleaseScriptCaches (1ms)
			RebuildScriptCaches (49ms)
			SetupLoadedEditorAssemblies (347ms)
				LogAssemblyErrors (0ms)
				InitializePlatformSupportModulesInManaged (5ms)
				SetLoadedEditorAssemblies (0ms)
				RefreshPlugins (0ms)
				BeforeProcessingInitializeOnLoad (56ms)
				ProcessInitializeOnLoadAttributes (269ms)
				ProcessInitializeOnLoadMethodAttributes (12ms)
				AfterProcessingInitializeOnLoad (3ms)
				EditorAssembliesLoaded (0ms)
			ExecutionOrderSort2 (0ms)
			AwakeInstancesAfterBackupRestoration (9ms)
Platform modules already initialized, skipping
Refreshing native plugins compatible for Editor in 0.34 ms, found 2 plugins.
Preloading 0 native plugins for Editor in 0.00 ms.
Unloading 1497 Unused Serialized files (Serialized files now loaded: 0)
System memory in use before: 84.8 MB.
System memory in use after: 84.9 MB.

Unloading 11 unused Assets to reduce memory usage. Loaded Objects now: 2001.
Total: 3.554000 ms (FindLiveObjects: 0.142700 ms CreateObjectMapping: 0.060800 ms MarkObjects: 3.326500 ms  DeleteObjects: 0.022700 ms)

AssetImportParameters requested are different than current active one (requested -> active):
  custom:framework-win-MediaFoundation: 216162199b28c13a410421893ffa2e32 -> 
  custom:video-decoder-ogg-theora: a1e56fd34408186e4bbccfd4996cb3dc -> 
  custom:container-muxer-webm: aa71ff27fc2769a1b78a27578f13a17b -> 
  custom:container-demuxer-webm: 4f35f7cbe854078d1ac9338744f61a02 -> 
  custom:container-demuxer-ogg: 62fdf1f143b41e24485cea50d1cbac27 -> 
  custom:video-encoder-webm-vp8: eb34c28f22e8b96e1ab97ce403110664 -> 
  custom:video-decoder-webm-vp8: 9c59270c3fd7afecdb556c50c9e8de78 -> 
  custom:audio-decoder-ogg-vorbis: bf7c407c2cedff20999df2af8eb42d56 -> 
  custom:audio-encoder-webm-vorbis: bf7c407c2cedff20999df2af8eb42d56 -> 
========================================================================
Received Import Request.
  Time since last request: 7.539859 seconds.
  path: Assets/Prefabs/Items/Coin.prefab
  artifactKey: Guid(2224e07c31f0afe43b46cfe717fe943a) Importer(815301076,1909f56bfc062723c751e8b465ee728b)
Start importing Assets/Prefabs/Items/Coin.prefab using Guid(2224e07c31f0afe43b46cfe717fe943a) Importer(815301076,1909f56bfc062723c751e8b465ee728b)  -> (artifact id: '1588ddeec093659591cf8202e47e3168') in 0.123011 seconds 
AssetImportWorkerClient::OnTransportError - code=2 error=End of file
